1588755922054	mozrunner::runner	INFO	Running command: "E:\\Firefox\\firefox.exe" "-marionette" "-foreground" "-no-remote" "-profile" "C:\\Users\\ADMINI~1\\AppData\\Local\\Temp\\rust_mozprofile.pwntsCGZkDIr"
1588755925637	addons.webextension.screenshots@mozilla.org	WARN	Loading extension 'screenshots@mozilla.org': Reading manifest: Invalid extension permission: mozillaAddons
1588755925661	addons.webextension.screenshots@mozilla.org	WARN	Loading extension 'screenshots@mozilla.org': Reading manifest: Invalid extension permission: resource://pdf.js/
1588755925661	addons.webextension.screenshots@mozilla.org	WARN	Loading extension 'screenshots@mozilla.org': Reading manifest: Invalid extension permission: about:reader*
1588755933497	Marionette	INFO	Listening on port 53022
[Child 17948, Chrome_ChildThread] WARNING: pipe error: 109: file z:/build/build/src/ipc/chromium/src/chrome/common/ipc_channel_win.cc, line 332
[Child 17941588755933769	Marionette	WARN	TLS certificate errors will be ignored for this session
1588755975659	mozrunner::runner	INFO	Running command: "E:\\Firefox\\firefox.exe" "-marionette" "-foreground" "-no-remote" "-profile" "C:\\Users\\ADMINI~1\\AppData\\Local\\Temp\\rust_mozprofile.lVDZWj6NJgP9"
1588755976200	addons.webextension.screenshots@mozilla.org	WARN	Loading extension 'screenshots@mozilla.org': Reading manifest: Invalid extension permission: mozillaAddons
1588755976201	addons.webextension.screenshots@mozilla.org	WARN	Loading extension 'screenshots@mozilla.org': Reading manifest: Invalid extension permission: resource://pdf.js/
1588755976201	addons.webextension.screenshots@mozilla.org	WARN	Loading extension 'screenshots@mozilla.org': Reading manifest: Invalid extension permission: about:reader*
1588755977824	Marionette	INFO	Listening on port 53210
1588755977915	Marionette	WARN	TLS certificate errors will be ignored for this session
console.error: BroadcastService: 
  receivedBroadcastMessage: handler for
  remote-settings/monitor_changes
  threw error:
  Message: Error: Polling for changes failed: NetworkError when attempting to fetch resource..
  Stack:
    remoteSettingsFunction/remoteSettings.pollChanges@resource://services-settings/remote-settings.js:190:13

[Child 16364, Chrome_ChildThread] WARNING: pipe error: 109: file z:/buil[Cdh/ibludi l1d7/1s6r4c,/ iCphcr/ocmher_oCmhildThreiaudm]/ src/WcAhRrNoImNeG/:c opmimpoen /eirprco_rc:h a1n0n9e:l _fwiilne. czc, line 332:
/build/build/src[/Cipc/chromium/src/chrome/common/ipc_channel_win.cc, line 332
[Child 17164, Chrome_Ch1588756246932	Marionette	INFO	Stopped listening on port 53210

###!!! [Child][RunMessage] Error: Channel closing: too late to send/recv, messages will be lost

[GPU 18268, Chrome_ChildThread] 
###!!! [Child][MessageChannel::SendAndWait] Error: Channel error: cannot send/recv

	Listening on port 53682
1588756156150	Marionette	WARN	TLS certificate errors will be ignored for this session
console.error: BroadcastService: 
  receivedBroadcastMessage: handler for
  remote-settings/monitor_changes
  threw error:
  Message: Error: Polling for changes failed: NetworkError when attempting to fetch resource..
  Stack:
    remoteSettingsFunction/remoteSettings.pollChanges@resource://services-settings/remote-settings.js:190:13

[Child 12792, Chrome_ChildThread] WARNING: pipe error: 109: file z[:C/hbiulidl d1/7build/src/ipc/chromi2u7m6/,s rCch/rcohmreome/com_mCohni/lipc_dcThread] WARNhING: painnel_wpien .ecrcr,or: 109: file z:/buil dl/ibnuei ld3/32src/ipc/chromiu
m/src/chrome/co[Cmmon/ipc_channel_win.cc, line 332
[Child 1[Parent 17856, Gecko_IOThread] WARNING: pipe error: 109: file z:/build/build/src/ipc/chromium/src/chrome/common/ipc_channel_win.cc, line 332
1588756213049	Marionette	INFO	Stopped listening on port 53682
[GPU 16964, Chrome_ChildThread] 
###!!! [Child][RunMessage] Error: Channel closing: too late to send/recv, messages will be lost


###!!! [Child][MessageChannel::SendAndWait] Error: Channel error: cannot send/recv

1588818033220	mozrunner::runner	INFO	Running command: "E:\\Firefox\\firefox.exe" "-marionette" "-foreground" "-no-remote" "-profile" "C:\\Users\\ADMINI~1\\AppData\\Local\\Temp\\rust_mozprofile.eqmUTtStquin"
1588818035679	addons.webextension.screenshots@mozilla.org	WARN	Loading extension 'screenshots@mozilla.org': Reading manifest: Invalid extension permission: mozillaAddons
1588818035679	addons.webextension.screenshots@mozilla.org	WARN	Loading extension 'screenshots@mozilla.org': Reading manifest: Invalid extension permission: resource://pdf.js/
1588818035679	addons.webextension.screenshots@mozilla.org	WARN	Loading extension 'screenshots@mozilla.org': Reading manifest: Invalid extension permission: about:reader*
1588818038561	Marionette	INFO	Listening on port 51593
1588818038832	Marionette	WARN	TLS certificate errors will be ignored for this session
JavaScript error: https://assets.healthinsurance.com/med-sunmaker/_next/static/chunks/6e2dde37d0e860ecc74d568be9e057ed37f7d599.75d065b4a8365783d11f.js, line 1: Error: Request failed with status code 422
[Parent 6332, Gecko_IOThread] WARNING: pipe error: 109: file z:/build/build/src/ipc/chromium/src/chrome/common/ipc_channel_win.cc, line 332
[Child 8464, Chrome_ChildThread] WARNING: pipe error: 109: file z:/build/build/src/ipc/chromium/src/chrome/common/ipc_channel_win.cc, line 332
[Child 8464, C1588818199013	Marionette	INFO	Stopped listening on port 51593

###!!! [Child][RunMessage] Error: Channel closing: too late to send/recv, messages will be lost

[GPU 9484
###!!! [Child][MessageChannel::SendAndWait] Error: Channel error: cannot send/recv

1589434161075	mozrunner::runner	INFO	Running command: "E:\\Firefox\\firefox.exe" "-marionette" "-foreground" "-no-remote" "-profile" "C:\\Users\\ADMINI~1\\AppData\\Local\\Temp\\rust_mozprofile.HeN3hgW8rQgy"
1589434161572	addons.webextension.screenshots@mozilla.org	WARN	Loading extension 'screenshots@mozilla.org': Reading manifest: Invalid extension permission: mozillaAddons
1589434161573	addons.webextension.screenshots@mozilla.org	WARN	Loading extension 'screenshots@mozilla.org': Reading manifest: Invalid extension permission: resource://pdf.js/
1589434161573	addons.webextension.screenshots@mozilla.org	WARN	Loading extension 'screenshots@mozilla.org': Reading manifest: Invalid extension permission: about:reader*
1589434163064	Marionette	INFO	Listening on port 51328
1589434163210	Marionette	WARN	TLS certificate errors will be ignored for this session
1589434230551	mozrunner::runner	INFO	Running command: "E:\\Firefox\\firefox.exe" "-marionette" "-foreground" "-no-remote" "-profile" "C:\\Users\\ADMINI~1\\AppData\\Local\\Temp\\rust_mozprofile.spJFlSlw2DFn"
1589434231041	addons.webextension.screenshots@mozilla.org	WARN	Loading extension 'screenshots@mozilla.org': Reading manifest: Invalid extension permission: mozillaAddons
1589434231041	addons.webextension.screenshots@mozilla.org	WARN	Loading extension 'screenshots@mozilla.org': Reading manifest: Invalid extension permission: resource://pdf.js/
1589434231041	addons.webextension.screenshots@mozilla.org	WARN	Loading extension 'screenshots@mozilla.org': Reading manifest: Invalid extension permission: about:reader*
1589434232526	Marionette	INFO	Listening on port 51377
1589434232688	Marionette	WARN	TLS certificate errors will be ignored for this session
[Child 4632, Chrome_ChildThread] WARNING: pipe error: 109: file z:/build/build/src/ipc/chromium/src/chrome/common/ipc_channel_win.cc, line 332
[Child 4632, Chrome_ChildThread] WARNING: pipe error: 109: file z:/build[Parent 7924, Gecko_IOThread] WARNING: pipe error: 109: file z:/build/build/src/ipc/chromium/src/chrome/common/ipc_channel_win.cc, line 332
[Child 440, Chrome_ChildThread] WARNING: pipe error: 109: file z:/build/build/src/ipc/chromium/src/chrome/common/ipc_channel_win.cc, line 332
[Child 440, Chrome_ChildThread] WARNING: pipe error: 109: file 1589434250609	Marionette	INFO	Stopped listening on port 51377
[GPU 880, Chr
###!!! [Child][RunMessage] Error: Channel closing: too late to send/recv, messages will be lost


###!!! [Child][MessageChannel::SendAndWait] Error: Channel error: cannot send/recv

